2025-07-21 08:38:08.826 [main] INFO  io.github.bonigarcia.wdm.WebDriverManager - Using chromedriver 137.0.7151.119 (resolved driver for Chrome 137)
2025-07-21 08:38:08.888 [main] INFO  io.github.bonigarcia.wdm.WebDriverManager - Exporting webdriver.chrome.driver as C:\Users\2408468\.cache\selenium\chromedriver\win64\137.0.7151.119\chromedriver.exe
2025-07-21 08:38:12.203 [main] INFO  factory.BrowserFactory - Launched Chrome browser.
2025-07-21 08:38:12.298 [main] INFO  hooks.Hooks - Browser launched and WebDriver initialized.
2025-07-21 08:38:14.793 [main] INFO  stepDefinitions.CommonStepDefinitions - Navigated to URL: https://www.amazon.in/
2025-07-21 08:38:22.355 [main] INFO  stepDefinitions.CommonStepDefinitions - Searched for: open bookshelves
2025-07-21 08:38:23.088 [main] INFO  pages.SearchResultsPage - Filtered results with price less than: 15000
2025-07-21 08:38:26.397 [main] INFO  pages.SearchResultsPage - Clicked 'Include Out of Stock' checkbox.
2025-07-21 08:38:26.402 [main] INFO  stepDefinitions.bookshelvesStepDef - filtered the results
2025-07-21 08:38:28.719 [main] INFO  pages.SearchResultsPage - Captured result - Title: ABOUT SPACE 6 Tier Book Shelf for Home Library 6ft with Assembly,Cabinet For Storage,White Bookshelves for Living Room Display Stand Book Rack For Office,Kitchen,Bedroom(33x24x180cm - Engineered Wood), Price: ₹2,598
2025-07-21 08:38:28.790 [main] INFO  pages.SearchResultsPage - Captured result - Title: ABOUT SPACE Open Book Shelf Book Storage Display Rack - Engineered Wood Multipurpose Book Storage Display Organizer Rack with Solid Finish Showcase Stand (L 47 x W 20.8 x H 141.2 cm), Price: ₹3,298
2025-07-21 08:38:28.842 [main] INFO  pages.SearchResultsPage - Captured result - Title: Lukzer 8 Shelves Modern Simple Engineered Wood Book Shelf with Storage Display Rack Open Bookcase Showcase Stand (MR-004/White/164 x 24 x 70 cm) DIY (Do It Yourself), Price: ₹3,760
2025-07-21 08:38:28.844 [main] INFO  utilities.excelUtil - Loading existing workbook: data.xlsx
2025-07-21 08:38:30.222 [main] INFO  utilities.excelUtil - Clearing content of sheet: Bookshelves
2025-07-21 08:38:30.244 [main] INFO  utilities.excelUtil - Added header to sheet: Bookshelves
2025-07-21 08:38:30.256 [main] INFO  utilities.excelUtil - Wrote 3 rows of Title/Price data to sheet: Bookshelves
2025-07-21 08:38:30.558 [main] INFO  utilities.excelUtil - Data written to data.xlsx
2025-07-21 08:38:30.560 [main] INFO  pages.SearchResultsPage - Saved top 3 results to Excel sheet: Bookshelves
2025-07-21 08:38:30.560 [main] INFO  stepDefinitions.bookshelvesStepDef - Saved the results in excel.
2025-07-21 08:38:30.563 [main] INFO  stepDefinitions.CommonStepDefinitions - Close browser step executed. Browser is closed by @After hook.
2025-07-21 08:38:34.340 [main] INFO  hooks.Hooks - Browser closed.
2025-07-21 08:38:34.399 [main] INFO  io.github.bonigarcia.wdm.WebDriverManager - Using chromedriver 137.0.7151.119 (resolved driver for Chrome 137)
2025-07-21 08:38:34.444 [main] INFO  io.github.bonigarcia.wdm.WebDriverManager - Exporting webdriver.chrome.driver as C:\Users\2408468\.cache\selenium\chromedriver\win64\137.0.7151.119\chromedriver.exe
2025-07-21 08:38:37.155 [main] INFO  factory.BrowserFactory - Launched Chrome browser.
2025-07-21 08:38:37.230 [main] INFO  hooks.Hooks - Browser launched and WebDriver initialized.
2025-07-21 08:38:39.663 [main] INFO  stepDefinitions.CommonStepDefinitions - Navigated to URL: https://www.amazon.in/
2025-07-21 08:38:46.063 [main] INFO  stepDefinitions.CommonStepDefinitions - Searched for: chairs
2025-07-21 08:38:46.507 [main] INFO  pages.SearchResultsPage - Captured result - Title: Wooden Street Valencia Leatherette 1 Seater Motorized Recliner Sofa | Single Seater Recliner Chairs for Home and Office with 1 Year Warranty | Saddle Brown, Price: ₹30,743
2025-07-21 08:38:46.616 [main] INFO  pages.SearchResultsPage - Captured result - Title: Wooden Street Arvana Motorised 1 Seater Recliner | Suede Fabric with Rocking Revolving Reclining Mechanism (32 L x 30 W x 38 H Inch) | Advanced FlexGRID Technology | Grey Upholstery | 1 Year Warranty, Price: ₹32,879
2025-07-21 08:38:46.682 [main] INFO  pages.SearchResultsPage - Captured result - Title: Homiboss Plastic Chair Set of 4, kursi, Chairs for Home, Office, Outdoor and Indoor Color - Brown Set of 4 Pieces, Price: ₹1,994
2025-07-21 08:38:46.684 [main] INFO  utilities.excelUtil - Loading existing workbook: data.xlsx
2025-07-21 08:38:46.770 [main] INFO  utilities.excelUtil - Clearing content of sheet: Chairs
2025-07-21 08:38:46.770 [main] INFO  utilities.excelUtil - Added header to sheet: Chairs
2025-07-21 08:38:46.770 [main] INFO  utilities.excelUtil - Wrote 3 rows of Title/Price data to sheet: Chairs
2025-07-21 08:38:46.835 [main] INFO  utilities.excelUtil - Data written to data.xlsx
2025-07-21 08:38:46.836 [main] INFO  pages.SearchResultsPage - Saved top 3 results to Excel sheet: Chairs
2025-07-21 08:38:46.836 [main] INFO  stepDefinitions.chairStepDef - Saved the results of chain in excel.
2025-07-21 08:38:46.840 [main] INFO  stepDefinitions.CommonStepDefinitions - Close browser step executed. Browser is closed by @After hook.
2025-07-21 08:38:50.133 [main] INFO  hooks.Hooks - Browser closed.
2025-07-21 08:38:50.171 [main] INFO  io.github.bonigarcia.wdm.WebDriverManager - Using chromedriver 137.0.7151.119 (resolved driver for Chrome 137)
2025-07-21 08:38:50.191 [main] INFO  io.github.bonigarcia.wdm.WebDriverManager - Exporting webdriver.chrome.driver as C:\Users\2408468\.cache\selenium\chromedriver\win64\137.0.7151.119\chromedriver.exe
2025-07-21 08:38:52.707 [main] INFO  factory.BrowserFactory - Launched Chrome browser.
2025-07-21 08:38:52.789 [main] INFO  hooks.Hooks - Browser launched and WebDriver initialized.
2025-07-21 08:38:55.170 [main] INFO  stepDefinitions.CommonStepDefinitions - Navigated to URL: https://www.amazon.in/
2025-07-21 08:39:01.116 [main] INFO  stepDefinitions.CommonStepDefinitions - Searched for: amazon gift card
2025-07-21 08:39:04.083 [main] INFO  pages.SearchResultsPage - Clicked on the first search result.
2025-07-21 08:39:04.083 [main] INFO  stepDefinitions.giftcardStepDef - click on relevant result
2025-07-21 08:39:04.444 [main] INFO  pages.GiftCardPage - Selected 'Happy Birthday' design.
2025-07-21 08:39:04.445 [main] INFO  stepDefinitions.giftcardStepDef - birthday card selected
2025-07-21 08:39:04.739 [main] INFO  pages.GiftCardPage - Clicked 'Send as Email' button.
2025-07-21 08:39:04.740 [main] INFO  stepDefinitions.giftcardStepDef - send as email selected
2025-07-21 08:39:05.293 [main] INFO  pages.GiftCardPage - Entered invalid email: test@invalid and sender name: John Doe
2025-07-21 08:39:05.293 [main] INFO  stepDefinitions.giftcardStepDef - invalid email and senders name entered
2025-07-21 08:39:05.351 [main] INFO  pages.GiftCardPage - Verified error message is displayed: Email address must contain a domain, like chris@example.com
2025-07-21 08:39:05.351 [main] INFO  stepDefinitions.giftcardStepDef - error message verified
2025-07-21 08:39:05.351 [main] INFO  stepDefinitions.CommonStepDefinitions - Close browser step executed. Browser is closed by @After hook.
2025-07-21 08:39:08.720 [main] INFO  hooks.Hooks - Browser closed.
2025-07-21 08:39:08.766 [main] INFO  io.github.bonigarcia.wdm.WebDriverManager - Using chromedriver 137.0.7151.119 (resolved driver for Chrome 137)
2025-07-21 08:39:08.794 [main] INFO  io.github.bonigarcia.wdm.WebDriverManager - Exporting webdriver.chrome.driver as C:\Users\2408468\.cache\selenium\chromedriver\win64\137.0.7151.119\chromedriver.exe
2025-07-21 08:39:11.316 [main] INFO  factory.BrowserFactory - Launched Chrome browser.
2025-07-21 08:39:11.396 [main] INFO  hooks.Hooks - Browser launched and WebDriver initialized.
2025-07-21 08:39:13.937 [main] INFO  stepDefinitions.CommonStepDefinitions - Navigated to URL: https://www.amazon.in
2025-07-21 08:39:16.025 [main] INFO  pages.AmazonHomePage - Clicked 'All' hamburger menu.
2025-07-21 08:39:16.025 [main] INFO  stepDefinitions.listStepDef - ALl button clicked
2025-07-21 08:39:17.006 [main] INFO  pages.HamburgerMenuPage - Clicked 'See All' button in hamburger menu.
2025-07-21 08:39:17.006 [main] INFO  stepDefinitions.listStepDef - scrolled down and clicked on see all
2025-07-21 08:39:17.326 [main] INFO  pages.HamburgerMenuPage - Clicked 'Home, Kitchen, Pets' category.
2025-07-21 08:39:17.327 [main] INFO  stepDefinitions.listStepDef - clicked on Home, Kitchen, Pets category
2025-07-21 08:39:20.216 [main] INFO  utilities.excelUtil - Loading existing workbook: data.xlsx
2025-07-21 08:39:20.298 [main] INFO  utilities.excelUtil - Clearing content of sheet: HomeAndKitchen
2025-07-21 08:39:20.304 [main] INFO  utilities.excelUtil - Added header to sheet: HomeAndKitchen
2025-07-21 08:39:20.334 [main] INFO  utilities.excelUtil - Wrote 32 rows of List data to sheet: HomeAndKitchen
2025-07-21 08:39:20.372 [main] INFO  utilities.excelUtil - Data written to data.xlsx
2025-07-21 08:39:20.372 [main] INFO  pages.HamburgerMenuPage - Stored Home & Kitchen subcategories in Excel.
2025-07-21 08:39:20.692 [main] INFO  pages.HamburgerMenuPage - Closed the hamburger menu.
2025-07-21 08:39:20.693 [main] INFO  stepDefinitions.listStepDef - results stored in excel
2025-07-21 08:39:20.697 [main] INFO  stepDefinitions.CommonStepDefinitions - Close browser step executed. Browser is closed by @After hook.
2025-07-21 08:39:23.600 [main] INFO  hooks.Hooks - Browser closed.
